
=== Stage 1: Maximizing Net Profit ===
--- Job _ymuKOxcaRweObpCgzM6Oyg.gms Start 12/13/25 22:21:44 52.2.0 d8e408be WEX-WEI x86 64bit/MS Windows
--- Applying:
    C:\Users\USER\AppData\Local\Programs\Python\Python310\Lib\site-packages\gamspy_base\gmsprmNT.txt
--- GAMS Parameters defined
    LP xpress
    Input C:\Users\USER\AppData\Local\Temp\tmp_9rp2hq4\_ymuKOxcaRweObpCgzM6Oyg.gms
    Output C:\Users\USER\AppData\Local\Temp\tmp_9rp2hq4\_ymuKOxcaRweObpCgzM6Oyg.lst
    ScrDir C:\Users\USER\AppData\Local\Temp\tmp_9rp2hq4\tmpp9daearo\
    SysDir C:\Users\USER\AppData\Local\Programs\Python\Python310\Lib\site-packages\gamspy_base\
    LogOption 3
    Trace C:\Users\USER\AppData\Local\Temp\tmp_9rp2hq4\_ymuKOxcaRweObpCgzM6Oyg.txt
    License C:\Users\USER\AppData\Local\Programs\Python\Python310\Lib\site-packages\gamspy_base\gamslice.txt
    OptFile 0
    OptDir C:\Users\USER\AppData\Local\Temp\tmp_9rp2hq4\
    LimRow 0
    LimCol 0
    TraceOpt 3
    GDX C:\Users\USER\AppData\Local\Temp\tmp_9rp2hq4\_ymuKOxcaRweObpCgzM6Oygout.gdx
    SolPrint 0
    SolveLink 2
    PreviousWork 1
    gdxSymbols newOrChanged
System information: 10 physical cores and 16 Gb physical memory detected
--- Starting compilation
--- _ymuKOxcaRweObpCgzM6Oyg.gms(71) 4 Mb
--- Starting execution: elapsed 0:00:00.024
--- Generating LP model max_net_profit
--- _ymuKOxcaRweObpCgzM6Oyg.gms(356) 4 Mb
---   129 rows  236 columns  651 non-zeroes
--- Range statistics (absolute non-zero finite values)
--- RHS       [min, max] : [ 1.000E+00, 3.859E+05] - Zero values observed as well
--- Bound     [min, max] : [        NA,        NA] - Zero values observed as well
--- Matrix    [min, max] : [ 5.000E-01, 1.156E+05]
--- Executing XPRESS (Solvelink=2): elapsed 0:00:00.060

    Xpress           52.2.0 d8e408be Dec 8, 2025           WEI x86 64bit/MS Window

... This solver runs with a demo license. No commercial use.

    FICO Xpress v9.8.0, Hyper, solve started 22:21:45, Dec 13, 2025
    Heap usage: 733KB (peak 733KB, 169KB system)
    Maximizing LP  using up to 16 threads and up to 15GB memory, with these control settings:
    MUTEXCALLBACKS = 0
    MIPADDCUTOFF = 0
    MIPRELCUTOFF = 0
    MIPABSSTOP = 0
    MIPRELSTOP = .0001
    Original problem has:
           129 rows          236 cols          651 elements
    Presolved problem has:
            92 rows          235 cols          613 elements
    Presolve finished in 0 seconds
    Heap usage: 762KB (peak 804KB, 169KB system)
    Coefficient range                    original                 solved        
      Coefficients   [min,max] : [ 5.00e-01,  1.16e+05] / [ 4.85e-02,  3.53e+00]
      RHS and bounds [min,max] : [ 1.00e+00,  3.86e+05] / [ 6.25e-02,  3.89e+01]
      Objective      [min,max] : [ 1.00e+00,  1.00e+00] / [ 1.02e+03,  1.02e+03]
    Autoscaling applied Curtis-Reid scaling
    Starting concurrent solve with dual (1 thread)
     Concurrent-Solve,   0s
                Dual        
        objective   dual inf
     D  726777.14   .0000000
                            
    ------- optimal --------
    Concurrent statistics:
               Dual: 93 simplex iterations, 0.00s
    Uncrunching matrix
    Optimal solution found
     
       Its         Obj Value      S   Ninf  Nneg   Sum Dual Inf  Time
        93       726777.1410      D      0     0        .000000     0
    Dual solved problem
      93 simplex iterations in 0.00 seconds at time 0
    Final objective                       : 7.267771410340753e+05
      Max primal violation      (abs/rel) :       0.0 /       0.0
      Max dual violation        (abs/rel) :       0.0 /       0.0
      Max complementarity viol. (abs/rel) :       0.0 /       0.0

... XPRESS stop status: normal (0)
... XPRESS sol status: optimal (1)

--- Reading solution for model max_net_profit
--- Executing after solve: elapsed 0:00:00.376
--- _ymuKOxcaRweObpCgzM6Oyg.gms(357) 4 Mb
--- _ymuKOxcaRweObpCgzM6Oyg.gms(415) 4 Mb
--- GDX File C:\Users\USER\AppData\Local\Temp\tmp_9rp2hq4\_ymuKOxcaRweObpCgzM6Oygout.gdx
*** Status: Normal completion
--- Job _ymuKOxcaRweObpCgzM6Oyg.gms Stop 12/13/25 22:21:45 elapsed 0:00:00.400
Maximum achievable net profit: 726777.14

=== Stage 2: Minimizing Covariance with Profit Target ===
Profit target: 80.0% of maximum = 581421.71
--- _ymuKOxcaRweObpCgzM6Oyg.gms(415) 4 Mb
--- Job _ymuKOxcaRweObpCgzM6Oyg.gms Start 12/13/25 22:21:45 52.2.0 d8e408be WEX-WEI x86 64bit/MS Windows
--- Applying:
    C:\Users\USER\AppData\Local\Programs\Python\Python310\Lib\site-packages\gamspy_base\gmsprmNT.txt
--- GAMS Parameters defined
    QCP xpress
    Input C:\Users\USER\AppData\Local\Temp\tmp_9rp2hq4\_ymuKOxcaRweObpCgzM6Oyg.gms
    Output C:\Users\USER\AppData\Local\Temp\tmp_9rp2hq4\_ymuKOxcaRweObpCgzM6Oyg.lst
    ScrDir C:\Users\USER\AppData\Local\Temp\tmp_9rp2hq4\tmpp9daearo\
    SysDir C:\Users\USER\AppData\Local\Programs\Python\Python310\Lib\site-packages\gamspy_base\
    LogOption 3
    Trace C:\Users\USER\AppData\Local\Temp\tmp_9rp2hq4\_ymuKOxcaRweObpCgzM6Oyg.txt
    License C:\Users\USER\AppData\Local\Programs\Python\Python310\Lib\site-packages\gamspy_base\gamslice.txt
    OptFile 0
    OptDir C:\Users\USER\AppData\Local\Temp\tmp_9rp2hq4\
    LimRow 0
    LimCol 0
    TraceOpt 3
    GDX C:\Users\USER\AppData\Local\Temp\tmp_9rp2hq4\_ymuKOxcaRweObpCgzM6Oygout.gdx
    SolPrint 0
    SolveLink 2
    PreviousWork 1
    gdxSymbols newOrChanged
System information: 10 physical cores and 16 Gb physical memory detected
--- Starting compilation
--- _ymuKOxcaRweObpCgzM6Oyg.gms(71) 4 Mb
--- Starting execution: elapsed 0:00:00.033
--- Generating QCP model min_covariance
--- _ymuKOxcaRweObpCgzM6Oyg.gms(434) 6 Mb
---   130 rows  237 columns  670 non-zeroes
---   1,299 nl-code  18 nl-non-zeroes
--- Range statistics (absolute non-zero finite values)
--- RHS       [min, max] : [ 1.000E+00, 3.859E+05] - Zero values observed as well
--- Bound     [min, max] : [ 5.814E+05, 5.814E+05] - Zero values observed as well
--- Matrix    [min, max] : [ 5.000E-01, 1.156E+06]
--- _ymuKOxcaRweObpCgzM6Oyg.gms(434) 4 Mb
--- Executing XPRESS (Solvelink=2): elapsed 0:00:00.065

    Xpress           52.2.0 d8e408be Dec 8, 2025           WEI x86 64bit/MS Window

... GMO Q Extraction (ThreePass): 0.00s
... This solver runs with a demo license. No commercial use.

    FICO Xpress v9.8.0, Hyper, solve started 22:21:45, Dec 13, 2025
    Heap usage: 740KB (peak 740KB, 169KB system)
    Minimizing QP  using up to 16 threads and up to 15GB memory, with these control settings:
    MUTEXCALLBACKS = 0
    MIPADDCUTOFF = 0
    MIPRELCUTOFF = 0
    MIPABSSTOP = 0
    MIPRELSTOP = .0001
    Original problem has:
           129 rows          236 cols          651 elements
           324 qobjelem
    Presolved problem has:
            92 rows          234 cols          612 elements
           324 qobjelem
    Presolve finished in 0 seconds
    Heap usage: 779KB (peak 804KB, 169KB system)
    Coefficient range                    original                 solved        
      Coefficients   [min,max] : [ 5.00e-01,  1.16e+05] / [ 2.44e-04,  3.94e+00]
      RHS and bounds [min,max] : [ 1.00e+00,  5.81e+05] / [ 1.00e+00,  5.89e+05]
      Objective      [min,max] : [      0.0,       0.0] / [      0.0,       0.0]
      Quadratic      [min,max] : [ 7.88e-05,  3.34e+00] / [ 5.02e-03,  3.71e+00]
    Autoscaling applied standard scaling
    Using AVX2 support
    Cores per CPU (CORESPERCPU): 16
    Barrier starts after 0 seconds, using up to 16 threads, 10 cores
    Matrix ordering - Dense cols.:     18   NZ(L):      1451   Flops:        14644
     
      Its   P.inf      D.inf      U.inf      Primal obj.     Dual obj.      Compl.
       0   1.17e+04   7.23e+05   0.00e+00   1.9983080e+11  -4.7110753e+10   3.0e+11
       1   3.11e+03   1.16e+05   3.64e-12   1.8254882e+11   1.2013399e+11   7.6e+10
       2   7.87e+02   8.82e+03   7.28e-12   1.6346222e+11   1.4424100e+11   1.8e+10
       3   1.42e+02   1.56e+03   1.64e-11   1.5636912e+11   1.5242360e+11   4.2e+09
       4   8.51e+01   9.34e+02   5.46e-12   1.5583993e+11   1.5323177e+11   3.6e+09
       5   4.66e+01   5.12e+02   5.46e-12   1.5540378e+11   1.5471361e+11   2.1e+09
       6   4.53e+01   4.97e+02   3.00e-11   1.5548200e+11   1.5490830e+11   2.2e+09
       7   3.95e+01   4.25e+02   1.46e-11   1.5592251e+11   1.5494686e+11   2.5e+09
       8   3.46e+01   3.93e+02   4.37e-11   1.5661037e+11   1.5482618e+11   3.1e+09
       9   1.50e+01   1.72e+02   1.46e-11   1.5635233e+11   1.5585580e+11   1.4e+09
      10   1.43e+01   1.64e+02   6.71e-12   1.5645146e+11   1.5585135e+11   1.5e+09
      11   1.21e+01   1.39e+02   2.93e-11   1.5653727e+11   1.5594797e+11   1.5e+09
      12   1.01e+01   1.16e+02   1.99e-11   1.5657082e+11   1.5609456e+11   1.3e+09
      13   6.17e+00   7.08e+01   1.59e-11   1.5661375e+11   1.5647773e+11   8.8e+08
      14   2.09e+00   2.41e+01   1.82e-11   1.5692133e+11   1.5668123e+11   4.7e+08
      15   1.16e+00   1.34e+01   1.55e-11   1.5693354e+11   1.5679400e+11   2.7e+08
      16   1.12e-01   1.25e+00   2.91e-11   1.5694008e+11   1.5692159e+11   3.2e+07
      17   1.38e-03   1.55e-02   2.93e-11   1.5693471e+11   1.5693411e+11   7.7e+05
    Barrier method finished in 0 seconds
    Uncrunching matrix
    Optimal solution found
    Barrier solved problem
      17 barrier iterations in 0.03 seconds at time 0
    Final objective                       : 1.569347057389274e+11
      Max primal violation      (abs/rel) : 6.929e-01 / 5.994e-06
      Max dual violation        (abs/rel) : 4.752e-11 / 1.419e-15
      Max complementarity viol. (abs/rel) : 1.063e+05 / 8.036e-06

... XPRESS stop status: normal (0)
... XPRESS sol status: optimal (1)

--- Reading solution for model min_covariance
--- Executing after solve: elapsed 0:00:00.354
--- _ymuKOxcaRweObpCgzM6Oyg.gms(435) 4 Mb
--- _ymuKOxcaRweObpCgzM6Oyg.gms(493) 4 Mb
--- GDX File C:\Users\USER\AppData\Local\Temp\tmp_9rp2hq4\_ymuKOxcaRweObpCgzM6Oygout.gdx
*** Status: Normal completion
--- Job _ymuKOxcaRweObpCgzM6Oyg.gms Stop 12/13/25 22:21:45 elapsed 0:00:00.378

=== Portfolio Summary ===
                    uni              value
0          old exposure       4,068,465.00
1          new exposure       3,795,181.23
2             cost incr          57,646.95
3             cost decr          73,332.73
4                profit         712,400.71
5            net profit         581,421.02
6           risk weight       1,897,590.68
7     risk weight limit       1,897,590.57
8            covariance 156,934,705,738.93
9   max possible profit         726,777.14
10             target %              80.00
